<?xml version="1.0" encoding="UTF-8"?>
<testsuite name="com.openclassrooms.magicgithub.UserRepositoryTest" tests="3" skipped="0" failures="0" errors="0" timestamp="2021-10-04T10:51:51" hostname="MacBook-Air-de-Ariakah.local" time="0.005">
  <properties/>
  <testcase name="generateRandomUserWithSuccess" classname="com.openclassrooms.magicgithub.UserRepositoryTest" time="0.004"/>
  <testcase name="getUsersWithSuccess" classname="com.openclassrooms.magicgithub.UserRepositoryTest" time="0.001"/>
  <testcase name="deleteUserWithSuccess" classname="com.openclassrooms.magicgithub.UserRepositoryTest" time="0.0"/>
  <system-out><![CDATA[]]></system-out>
  <system-err><![CDATA[]]></system-err>
</testsuite>
